/*C3*/SET SCHEMA PUBLIC
DELETE FROM TEVENTLOG WHERE ID='scsmbstgra' AND DURATION=5 AND TYPE='APPLICATION_LOG' AND HOST='12345' AND ALERT=TRUE
INSERT INTO TEVENTLOG VALUES('scsmbstgra',NULL,'APPLICATION_LOG','12345',FALSE)
COMMIT
DELETE FROM TEVENTLOG WHERE ID='scsmbstgrb' AND DURATION=3 AND TYPE IS NULL AND HOST IS NULL AND ALERT=FALSE
INSERT INTO TEVENTLOG VALUES('scsmbstgrb',NULL,NULL,NULL,FALSE)
COMMIT
DELETE FROM TEVENTLOG WHERE ID='scsmbstgrc' AND DURATION=8 AND TYPE IS NULL AND HOST IS NULL AND ALERT=TRUE
INSERT INTO TEVENTLOG VALUES('scsmbstgrc',NULL,NULL,NULL,FALSE)
COMMIT
DELETE FROM TEVENTLOG WHERE ID='scsmbstgra' AND DURATION IS NULL AND TYPE='APPLICATION_LOG' AND HOST='12345' AND ALERT=FALSE
INSERT INTO TEVENTLOG VALUES('scsmbstgra',5,'APPLICATION_LOG','12345',TRUE)
COMMIT
DELETE FROM TEVENTLOG WHERE ID='scsmbstgrc' AND DURATION IS NULL AND TYPE IS NULL AND HOST IS NULL AND ALERT=FALSE
INSERT INTO TEVENTLOG VALUES('scsmbstgrc',8,NULL,NULL,TRUE)
COMMIT
DELETE FROM TEVENTLOG WHERE ID='scsmbstgrb' AND DURATION IS NULL AND TYPE IS NULL AND HOST IS NULL AND ALERT=FALSE
INSERT INTO TEVENTLOG VALUES('scsmbstgrb',3,NULL,NULL,FALSE)
COMMIT
/*C8*/SET SCHEMA PUBLIC
DISCONNECT
/*C4*/SET SCHEMA PUBLIC
DISCONNECT
/*C11*/SET SCHEMA PUBLIC
DISCONNECT
/*C5*/SET SCHEMA PUBLIC
DISCONNECT
/*C12*/SET SCHEMA PUBLIC
DISCONNECT
/*C7*/SET SCHEMA PUBLIC
DISCONNECT
/*C9*/SET SCHEMA PUBLIC
DISCONNECT
/*C10*/SET SCHEMA PUBLIC
DISCONNECT
/*C6*/SET SCHEMA PUBLIC
DISCONNECT
/*C3*/DISCONNECT
/*C15*/SET SCHEMA PUBLIC
DISCONNECT
/*C13*/SET SCHEMA PUBLIC
DISCONNECT
/*C16*/SET SCHEMA PUBLIC
DISCONNECT
/*C18*/SET SCHEMA PUBLIC
DISCONNECT
/*C19*/SET SCHEMA PUBLIC
DISCONNECT
/*C17*/SET SCHEMA PUBLIC
DISCONNECT
/*C14*/SET SCHEMA PUBLIC
DISCONNECT
/*C20*/SET SCHEMA PUBLIC
DISCONNECT
/*C22*/SET SCHEMA PUBLIC
DISCONNECT
/*C21*/SET SCHEMA PUBLIC
DISCONNECT
